<?xml version="1.0" encoding="UTF-8"?>
<!-- Generated by org.testng.reporters.JUnitXMLReporter -->
<testsuite hostname="WTSELVSE112038L" ignored="0" name="Demo" tests="4" failures="0" timestamp="23 Jul 2020 16:40:30 GMT" time="57.109" errors="0">
  <testcase name="feature" time="17.194" classname="cucumber.api.testng.AbstractTestNGCucumberTests"/>
  <testcase name="feature" time="14.419" classname="cucumber.api.testng.AbstractTestNGCucumberTests"/>
  <testcase name="feature" time="10.611" classname="cucumber.api.testng.AbstractTestNGCucumberTests"/>
  <testcase name="feature" time="14.534" classname="cucumber.api.testng.AbstractTestNGCucumberTests"/>
</testsuite> <!-- Demo -->
