<?xml version="1.0" encoding="UTF-8"?>
<testng-results ignored="0" total="1" passed="1" failed="0" skipped="0">
  <reporter-output>
  </reporter-output>
  <suite started-at="2021-06-16T07:54:14Z" name="Smoke Suite" finished-at="2021-06-16T07:54:21Z" duration-ms="7440">
    <groups>
      <group name="cucumber">
        <method signature="AbstractTestNGCucumberTests.feature(cucumber.api.testng.CucumberFeatureWrapper)[pri:0, instance:com.atg.runner.TestRunner@36d585c]" name="feature" class="cucumber.api.testng.AbstractTestNGCucumberTests"/>
      </group> <!-- cucumber -->
    </groups>
    <test started-at="2021-06-16T07:54:14Z" name="ATG - Spel på Sport, Häst och Casino" finished-at="2021-06-16T07:54:21Z" duration-ms="7440">
      <class name="com.atg.runner.TestRunner">
        <test-method is-config="true" signature="setUpClass()[pri:0, instance:com.atg.runner.TestRunner@36d585c]" started-at="2021-06-16T07:54:14Z" name="setUpClass" finished-at="2021-06-16T07:54:14Z" duration-ms="123" status="PASS">
          <reporter-output>
          </reporter-output>
        </test-method> <!-- setUpClass -->
        <test-method signature="feature(cucumber.api.testng.CucumberFeatureWrapper)[pri:0, instance:com.atg.runner.TestRunner@36d585c]" started-at="2021-06-16T07:54:14Z" name="feature" description="Runs Cucumber Feature" data-provider="features" finished-at="2021-06-16T07:54:21Z" duration-ms="7253" status="PASS">
          <params>
            <param index="0">
              <value>
                <![CDATA[Create new coupons and verify mark horses in ATG]]>
              </value>
            </param>
          </params>
          <reporter-output>
          </reporter-output>
        </test-method> <!-- feature -->
        <test-method is-config="true" signature="tearDownClass()[pri:0, instance:com.atg.runner.TestRunner@36d585c]" started-at="2021-06-16T07:54:21Z" name="tearDownClass" finished-at="2021-06-16T07:54:21Z" duration-ms="9" status="PASS">
          <reporter-output>
          </reporter-output>
        </test-method> <!-- tearDownClass -->
      </class> <!-- com.atg.runner.TestRunner -->
    </test> <!-- ATG - Spel på Sport, Häst och Casino -->
  </suite> <!-- Smoke Suite -->
</testng-results>
